# JRE version: OpenJDK Runtime Environment (8.0_112-b06) (build 1.8.0_112-release-b06)
# Java VM: OpenJDK 64-Bit Server VM (25.112-b06 mixed mode windows-amd64 compressed oops)
Heap:
 PSYoungGen      total 180736K, used 66933K [0x00000000e0000000, 0x00000000ef180000, 0x0000000100000000)
  eden space 152064K, 25% used [0x00000000e0000000,0x00000000e2562be0,0x00000000e9480000)
  from space 28672K, 99% used [0x00000000eba80000,0x00000000ed67abb8,0x00000000ed680000)
  to   space 38912K, 0% used [0x00000000e9480000,0x00000000e9480000,0x00000000eba80000)
 ParOldGen       total 114176K, used 70083K [0x00000000a0000000, 0x00000000a6f80000, 0x00000000e0000000)
  object space 114176K, 61% used [0x00000000a0000000,0x00000000a4470ea0,0x00000000a6f80000)
 Metaspace       used 72571K, capacity 76442K, committed 76800K, reserved 1116160K
  class space    used 9473K, capacity 10197K, committed 10240K, reserved 1048576K
GC Heap History (10 events):
Event: 1165.131 GC heap before
{Heap before GC invocations=23 (full 3):
 PSYoungGen      total 163328K, used 141376K [0x00000000e0000000, 0x00000000ec380000, 0x0000000100000000)
  eden space 136704K, 100% used [0x00000000e0000000,0x00000000e8580000,0x00000000e8580000)
  from space 26624K, 17% used [0x00000000e8580000,0x00000000e8a10030,0x00000000e9f80000)
  to   space 26112K, 0% used [0x00000000eaa00000,0x00000000eaa00000,0x00000000ec380000)
 ParOldGen       total 114176K, used 53235K [0x00000000a0000000, 0x00000000a6f80000, 0x00000000e0000000)
  object space 114176K, 46% used [0x00000000a0000000,0x00000000a33fcd20,0x00000000a6f80000)
 Metaspace       used 61188K, capacity 64438K, committed 64768K, reserved 1105920K
  class space    used 8224K, capacity 8863K, committed 8960K, reserved 1048576K
Event: 1165.151 GC heap after
Heap after GC invocations=23 (full 3):
 PSYoungGen      total 167936K, used 7856K [0x00000000e0000000, 0x00000000ebf80000, 0x0000000100000000)
  eden space 145920K, 0% used [0x00000000e0000000,0x00000000e0000000,0x00000000e8e80000)
  from space 22016K, 35% used [0x00000000eaa00000,0x00000000eb1ac040,0x00000000ebf80000)
  to   space 25088K, 0% used [0x00000000e8e80000,0x00000000e8e80000,0x00000000ea700000)
 ParOldGen       total 114176K, used 53235K [0x00000000a0000000, 0x00000000a6f80000, 0x00000000e0000000)
  object space 114176K, 46% used [0x00000000a0000000,0x00000000a33fcd20,0x00000000a6f80000)
 Metaspace       used 61188K, capacity 64438K, committed 64768K, reserved 1105920K
  class space    used 8224K, capacity 8863K, committed 8960K, reserved 1048576K
}
Event: 1435.679 GC heap before
{Heap before GC invocations=24 (full 3):
 PSYoungGen      total 167936K, used 153776K [0x00000000e0000000, 0x00000000ebf80000, 0x0000000100000000)
  eden space 145920K, 100% used [0x00000000e0000000,0x00000000e8e80000,0x00000000e8e80000)
  from space 22016K, 35% used [0x00000000eaa00000,0x00000000eb1ac040,0x00000000ebf80000)
  to   space 25088K, 0% used [0x00000000e8e80000,0x00000000e8e80000,0x00000000ea700000)
 ParOldGen       total 114176K, used 53235K [0x00000000a0000000, 0x00000000a6f80000, 0x00000000e0000000)
  object space 114176K, 46% used [0x00000000a0000000,0x00000000a33fcd20,0x00000000a6f80000)
 Metaspace       used 62078K, capacity 65614K, committed 65920K, reserved 1105920K
  class space    used 8330K, capacity 9005K, committed 9088K, reserved 1048576K
Event: 1435.707 GC heap after
Heap after GC invocations=24 (full 3):
 PSYoungGen      total 171008K, used 9192K [0x00000000e0000000, 0x00000000ec400000, 0x0000000100000000)
  eden space 145920K, 0% used [0x00000000e0000000,0x00000000e0000000,0x00000000e8e80000)
  from space 25088K, 36% used [0x00000000e8e80000,0x00000000e977a358,0x00000000ea700000)
  to   space 23552K, 0% used [0x00000000ead00000,0x00000000ead00000,0x00000000ec400000)
 ParOldGen       total 114176K, used 53243K [0x00000000a0000000, 0x00000000a6f80000, 0x00000000e0000000)
  object space 114176K, 46% used [0x00000000a0000000,0x00000000a33fed20,0x00000000a6f80000)
 Metaspace       used 62078K, capacity 65614K, committed 65920K, reserved 1105920K
  class space    used 8330K, capacity 9005K, committed 9088K, reserved 1048576K
}
Event: 1447.052 GC heap before
{Heap before GC invocations=25 (full 3):
 PSYoungGen      total 171008K, used 154463K [0x00000000e0000000, 0x00000000ec400000, 0x0000000100000000)
  eden space 145920K, 99% used [0x00000000e0000000,0x00000000e8dddbb0,0x00000000e8e80000)
  from space 25088K, 36% used [0x00000000e8e80000,0x00000000e977a358,0x00000000ea700000)
  to   space 23552K, 0% used [0x00000000ead00000,0x00000000ead00000,0x00000000ec400000)
 ParOldGen       total 114176K, used 53243K [0x00000000a0000000, 0x00000000a6f80000, 0x00000000e0000000)
  object space 114176K, 46% used [0x00000000a0000000,0x00000000a33fed20,0x00000000a6f80000)
 Metaspace       used 68712K, capacity 72442K, committed 72576K, reserved 1112064K
  class space    used 9126K, capacity 9841K, committed 9856K, reserved 1048576K
Event: 1447.154 GC heap after
Heap after GC invocations=25 (full 3):
 PSYoungGen      total 176128K, used 15972K [0x00000000e0000000, 0x00000000ec700000, 0x0000000100000000)
  eden space 152576K, 0% used [0x00000000e0000000,0x00000000e0000000,0x00000000e9500000)
  from space 23552K, 67% used [0x00000000ead00000,0x00000000ebc991b0,0x00000000ec400000)
  to   space 24576K, 0% used [0x00000000e9500000,0x00000000e9500000,0x00000000ead00000)
 ParOldGen       total 114176K, used 53251K [0x00000000a0000000, 0x00000000a6f80000, 0x00000000e0000000)
  object space 114176K, 46% used [0x00000000a0000000,0x00000000a3400d20,0x00000000a6f80000)
 Metaspace       used 68712K, capacity 72442K, committed 72576K, reserved 1112064K
  class space    used 9126K, capacity 9841K, committed 9856K, reserved 1048576K
}
Event: 1454.377 GC heap before
{Heap before GC invocations=26 (full 3):
 PSYoungGen      total 176128K, used 168548K [0x00000000e0000000, 0x00000000ec700000, 0x0000000100000000)
  eden space 152576K, 100% used [0x00000000e0000000,0x00000000e9500000,0x00000000e9500000)
  from space 23552K, 67% used [0x00000000ead00000,0x00000000ebc991b0,0x00000000ec400000)
  to   space 24576K, 0% used [0x00000000e9500000,0x00000000e9500000,0x00000000ead00000)
 ParOldGen       total 114176K, used 53251K [0x00000000a0000000, 0x00000000a6f80000, 0x00000000e0000000)
  object space 114176K, 46% used [0x00000000a0000000,0x00000000a3400d20,0x00000000a6f80000)
 Metaspace       used 72026K, capacity 75928K, committed 76032K, reserved 1116160K
  class space    used 9451K, capacity 10196K, committed 10240K, reserved 1048576K
Event: 1454.443 GC heap after
Heap after GC invocations=26 (full 3):
 PSYoungGen      total 177152K, used 24545K [0x00000000e0000000, 0x00000000ed680000, 0x0000000100000000)
  eden space 152576K, 0% used [0x00000000e0000000,0x00000000e0000000,0x00000000e9500000)
  from space 24576K, 99% used [0x00000000e9500000,0x00000000eacf8708,0x00000000ead00000)
  to   space 28672K, 0% used [0x00000000eba80000,0x00000000eba80000,0x00000000ed680000)
 ParOldGen       total 114176K, used 54124K [0x00000000a0000000, 0x00000000a6f80000, 0x00000000e0000000)
  object space 114176K, 47% used [0x00000000a0000000,0x00000000a34db1c8,0x00000000a6f80000)
 Metaspace       used 72026K, capacity 75928K, committed 76032K, reserved 1116160K
  class space    used 9451K, capacity 10196K, committed 10240K, reserved 1048576K
}
Event: 1458.184 GC heap before
{Heap before GC invocations=27 (full 3):
 PSYoungGen      total 177152K, used 177121K [0x00000000e0000000, 0x00000000ed680000, 0x0000000100000000)
  eden space 152576K, 100% used [0x00000000e0000000,0x00000000e9500000,0x00000000e9500000)
  from space 24576K, 99% used [0x00000000e9500000,0x00000000eacf8708,0x00000000ead00000)
  to   space 28672K, 0% used [0x00000000eba80000,0x00000000eba80000,0x00000000ed680000)
 ParOldGen       total 114176K, used 54124K [0x00000000a0000000, 0x00000000a6f80000, 0x00000000e0000000)
  object space 114176K, 47% used [0x00000000a0000000,0x00000000a34db1c8,0x00000000a6f80000)
 Metaspace       used 72509K, capacity 76378K, committed 76544K, reserved 1116160K
  class space    used 9471K, capacity 10197K, committed 10240K, reserved 1048576K
Event: 1458.330 GC heap after
Heap after GC invocations=27 (full 3):
 PSYoungGen      total 180736K, used 28650K [0x00000000e0000000, 0x00000000ef180000, 0x0000000100000000)
  eden space 152064K, 0% used [0x00000000e0000000,0x00000000e0000000,0x00000000e9480000)
  from space 28672K, 99% used [0x00000000eba80000,0x00000000ed67abb8,0x00000000ed680000)
  to   space 38912K, 0% used [0x00000000e9480000,0x00000000e9480000,0x00000000eba80000)
 ParOldGen       total 114176K, used 70083K [0x00000000a0000000, 0x00000000a6f80000, 0x00000000e0000000)
  object space 114176K, 61% used [0x00000000a0000000,0x00000000a4470ea0,0x00000000a6f80000)
 Metaspace       used 72509K, capacity 76378K, committed 76544K, reserved 1116160K
  class space    used 9471K, capacity 10197K, committed 10240K, reserved 1048576K
}

