# JRE version: OpenJDK Runtime Environment (8.0_112-b06) (build 1.8.0_112-release-b06)
# Java VM: OpenJDK 64-Bit Server VM (25.112-b06 mixed mode windows-amd64 compressed oops)
Heap:
 PSYoungGen      total 90112K, used 56531K [0x00000000e0000000, 0x00000000e8500000, 0x0000000100000000)
  eden space 80384K, 59% used [0x00000000e0000000,0x00000000e2ef58d0,0x00000000e4e80000)
  from space 9728K, 86% used [0x00000000e4e80000,0x00000000e56bf688,0x00000000e5800000)
  to   space 10752K, 0% used [0x00000000e7a80000,0x00000000e7a80000,0x00000000e8500000)
 ParOldGen       total 49152K, used 17283K [0x00000000a0000000, 0x00000000a3000000, 0x00000000e0000000)
  object space 49152K, 35% used [0x00000000a0000000,0x00000000a10e0f40,0x00000000a3000000)
 Metaspace       used 45569K, capacity 46490K, committed 46720K, reserved 1089536K
  class space    used 6037K, capacity 6263K, committed 6272K, reserved 1048576K
GC Heap History (10 events):
Event: 15.965 GC heap before
{Heap before GC invocations=9 (full 1):
 PSYoungGen      total 39424K, used 34101K [0x00000000e0000000, 0x00000000e4900000, 0x0000000100000000)
  eden space 30720K, 100% used [0x00000000e0000000,0x00000000e1e00000,0x00000000e1e00000)
  from space 8704K, 38% used [0x00000000e1e00000,0x00000000e214d5a0,0x00000000e2680000)
  to   space 8704K, 0% used [0x00000000e4080000,0x00000000e4080000,0x00000000e4900000)
 ParOldGen       total 38400K, used 12278K [0x00000000a0000000, 0x00000000a2580000, 0x00000000e0000000)
  object space 38400K, 31% used [0x00000000a0000000,0x00000000a0bfd860,0x00000000a2580000)
 Metaspace       used 26406K, capacity 26902K, committed 27136K, reserved 1073152K
  class space    used 3632K, capacity 3780K, committed 3840K, reserved 1048576K
Event: 15.978 GC heap after
Heap after GC invocations=9 (full 1):
 PSYoungGen      total 62976K, used 5489K [0x00000000e0000000, 0x00000000e4780000, 0x0000000100000000)
  eden space 55808K, 0% used [0x00000000e0000000,0x00000000e0000000,0x00000000e3680000)
  from space 7168K, 76% used [0x00000000e4080000,0x00000000e45dc710,0x00000000e4780000)
  to   space 8704K, 0% used [0x00000000e3680000,0x00000000e3680000,0x00000000e3f00000)
 ParOldGen       total 38400K, used 12278K [0x00000000a0000000, 0x00000000a2580000, 0x00000000e0000000)
  object space 38400K, 31% used [0x00000000a0000000,0x00000000a0bfd860,0x00000000a2580000)
 Metaspace       used 26406K, capacity 26902K, committed 27136K, reserved 1073152K
  class space    used 3632K, capacity 3780K, committed 3840K, reserved 1048576K
}
Event: 19.885 GC heap before
{Heap before GC invocations=10 (full 1):
 PSYoungGen      total 62976K, used 61297K [0x00000000e0000000, 0x00000000e4780000, 0x0000000100000000)
  eden space 55808K, 100% used [0x00000000e0000000,0x00000000e3680000,0x00000000e3680000)
  from space 7168K, 76% used [0x00000000e4080000,0x00000000e45dc710,0x00000000e4780000)
  to   space 8704K, 0% used [0x00000000e3680000,0x00000000e3680000,0x00000000e3f00000)
 ParOldGen       total 38400K, used 12278K [0x00000000a0000000, 0x00000000a2580000, 0x00000000e0000000)
  object space 38400K, 31% used [0x00000000a0000000,0x00000000a0bfd860,0x00000000a2580000)
 Metaspace       used 29849K, capacity 30492K, committed 30720K, reserved 1075200K
  class space    used 4075K, capacity 4246K, committed 4352K, reserved 1048576K
Event: 19.905 GC heap after
Heap after GC invocations=10 (full 1):
 PSYoungGen      total 64512K, used 6913K [0x00000000e0000000, 0x00000000e6200000, 0x0000000100000000)
  eden space 55808K, 0% used [0x00000000e0000000,0x00000000e0000000,0x00000000e3680000)
  from space 8704K, 79% used [0x00000000e3680000,0x00000000e3d40530,0x00000000e3f00000)
  to   space 9216K, 0% used [0x00000000e5900000,0x00000000e5900000,0x00000000e6200000)
 ParOldGen       total 38400K, used 12286K [0x00000000a0000000, 0x00000000a2580000, 0x00000000e0000000)
  object space 38400K, 31% used [0x00000000a0000000,0x00000000a0bff860,0x00000000a2580000)
 Metaspace       used 29849K, capacity 30492K, committed 30720K, reserved 1075200K
  class space    used 4075K, capacity 4246K, committed 4352K, reserved 1048576K
}
Event: 28.531 GC heap before
{Heap before GC invocations=11 (full 1):
 PSYoungGen      total 64512K, used 57419K [0x00000000e0000000, 0x00000000e6200000, 0x0000000100000000)
  eden space 55808K, 90% used [0x00000000e0000000,0x00000000e31528e8,0x00000000e3680000)
  from space 8704K, 79% used [0x00000000e3680000,0x00000000e3d40530,0x00000000e3f00000)
  to   space 9216K, 0% used [0x00000000e5900000,0x00000000e5900000,0x00000000e6200000)
 ParOldGen       total 38400K, used 12286K [0x00000000a0000000, 0x00000000a2580000, 0x00000000e0000000)
  object space 38400K, 31% used [0x00000000a0000000,0x00000000a0bff860,0x00000000a2580000)
 Metaspace       used 34613K, capacity 35286K, committed 35416K, reserved 1079296K
  class space    used 4598K, capacity 4778K, committed 4864K, reserved 1048576K
Event: 28.583 GC heap after
Heap after GC invocations=11 (full 1):
 PSYoungGen      total 89088K, used 8264K [0x00000000e0000000, 0x00000000e6180000, 0x0000000100000000)
  eden space 80384K, 0% used [0x00000000e0000000,0x00000000e0000000,0x00000000e4e80000)
  from space 8704K, 94% used [0x00000000e5900000,0x00000000e61120b0,0x00000000e6180000)
  to   space 9728K, 0% used [0x00000000e4e80000,0x00000000e4e80000,0x00000000e5800000)
 ParOldGen       total 38400K, used 15134K [0x00000000a0000000, 0x00000000a2580000, 0x00000000e0000000)
  object space 38400K, 39% used [0x00000000a0000000,0x00000000a0ec78f0,0x00000000a2580000)
 Metaspace       used 34613K, capacity 35286K, committed 35416K, reserved 1079296K
  class space    used 4598K, capacity 4778K, committed 4864K, reserved 1048576K
}
Event: 28.583 GC heap before
{Heap before GC invocations=12 (full 2):
 PSYoungGen      total 89088K, used 8264K [0x00000000e0000000, 0x00000000e6180000, 0x0000000100000000)
  eden space 80384K, 0% used [0x00000000e0000000,0x00000000e0000000,0x00000000e4e80000)
  from space 8704K, 94% used [0x00000000e5900000,0x00000000e61120b0,0x00000000e6180000)
  to   space 9728K, 0% used [0x00000000e4e80000,0x00000000e4e80000,0x00000000e5800000)
 ParOldGen       total 38400K, used 15134K [0x00000000a0000000, 0x00000000a2580000, 0x00000000e0000000)
  object space 38400K, 39% used [0x00000000a0000000,0x00000000a0ec78f0,0x00000000a2580000)
 Metaspace       used 34613K, capacity 35286K, committed 35416K, reserved 1079296K
  class space    used 4598K, capacity 4778K, committed 4864K, reserved 1048576K
Event: 28.809 GC heap after
Heap after GC invocations=12 (full 2):
 PSYoungGen      total 89088K, used 0K [0x00000000e0000000, 0x00000000e6180000, 0x0000000100000000)
  eden space 80384K, 0% used [0x00000000e0000000,0x00000000e0000000,0x00000000e4e80000)
  from space 8704K, 0% used [0x00000000e5900000,0x00000000e5900000,0x00000000e6180000)
  to   space 9728K, 0% used [0x00000000e4e80000,0x00000000e4e80000,0x00000000e5800000)
 ParOldGen       total 49152K, used 17275K [0x00000000a0000000, 0x00000000a3000000, 0x00000000e0000000)
  object space 49152K, 35% used [0x00000000a0000000,0x00000000a10def40,0x00000000a3000000)
 Metaspace       used 34587K, capacity 35198K, committed 35416K, reserved 1079296K
  class space    used 4590K, capacity 4770K, committed 4864K, reserved 1048576K
}
Event: 30.968 GC heap before
{Heap before GC invocations=13 (full 2):
 PSYoungGen      total 89088K, used 80384K [0x00000000e0000000, 0x00000000e6180000, 0x0000000100000000)
  eden space 80384K, 100% used [0x00000000e0000000,0x00000000e4e80000,0x00000000e4e80000)
  from space 8704K, 0% used [0x00000000e5900000,0x00000000e5900000,0x00000000e6180000)
  to   space 9728K, 0% used [0x00000000e4e80000,0x00000000e4e80000,0x00000000e5800000)
 ParOldGen       total 49152K, used 17275K [0x00000000a0000000, 0x00000000a3000000, 0x00000000e0000000)
  object space 49152K, 35% used [0x00000000a0000000,0x00000000a10def40,0x00000000a3000000)
 Metaspace       used 40298K, capacity 41100K, committed 41472K, reserved 1085440K
  class space    used 5287K, capacity 5513K, committed 5632K, reserved 1048576K
Event: 31.018 GC heap after
Heap after GC invocations=13 (full 2):
 PSYoungGen      total 90112K, used 8445K [0x00000000e0000000, 0x00000000e8500000, 0x0000000100000000)
  eden space 80384K, 0% used [0x00000000e0000000,0x00000000e0000000,0x00000000e4e80000)
  from space 9728K, 86% used [0x00000000e4e80000,0x00000000e56bf688,0x00000000e5800000)
  to   space 10752K, 0% used [0x00000000e7a80000,0x00000000e7a80000,0x00000000e8500000)
 ParOldGen       total 49152K, used 17283K [0x00000000a0000000, 0x00000000a3000000, 0x00000000e0000000)
  object space 49152K, 35% used [0x00000000a0000000,0x00000000a10e0f40,0x00000000a3000000)
 Metaspace       used 40298K, capacity 41100K, committed 41472K, reserved 1085440K
  class space    used 5287K, capacity 5513K, committed 5632K, reserved 1048576K
}

